time="09-01-2024 14:50:19" level=info msg="Service order is ready to handle requests at st :2010"
time="09-01-2024 14:50:27" level=info msg="HTTP Request Method" method=GET url="/orders/v1/walletbyid/user_id=1"
time="09-01-2024 14:51:16" level=info msg="HTTP Request Method" method=GET url="/orders/v1/walletbyid?id=1"
time="09-01-2024 14:52:14" level=info msg="HTTP Request Method" method=GET url="/orders/v1/walletbyid?id=123"
time="09-01-2024 14:53:47" level=info msg="Service orders is shutting down..."
time="09-01-2024 14:53:47" level=info msg="Service orders stopped"
time="09-01-2024 14:53:51" level=info msg="Service order is ready to handle requests at st :2010"
time="09-01-2024 14:53:56" level=info msg="HTTP Request Method" method=GET url="/orders/v1/walletbyid?id=123"
time="09-01-2024 14:59:08" level=info msg="HTTP Request Method" method=GET url="/orders/v1/walletbyid?id=?"
time="09-01-2024 14:59:15" level=info msg="HTTP Request Method" method=GET url="/orders/v1/walletbyid?id="
time="09-01-2024 16:15:09" level=info msg="Service orders is shutting down..."
time="09-01-2024 16:15:09" level=info msg="Service orders stopped"
time="09-01-2024 16:15:15" level=info msg="Service order is ready to handle requests at st :2010"
time="09-01-2024 16:15:30" level=info msg="HTTP Request Method" method=GET url="/orders/v1/walletbyid?user_id=1"
time="09-01-2024 16:16:27" level=info msg="Service orders is shutting down..."
time="09-01-2024 16:16:27" level=info msg="Service orders stopped"
time="09-01-2024 16:16:31" level=info msg="Service order is ready to handle requests at st :2010"
time="09-01-2024 16:16:36" level=info msg="HTTP Request Method" method=GET url="/orders/v1/walletbyid?user_id=1"
time="09-01-2024 16:16:41" level=info msg="HTTP Request Method" method=GET url="/orders/v1/walletbyid?id=1"
time="09-01-2024 16:18:02" level=info msg="Service orders is shutting down..."
time="09-01-2024 16:18:02" level=info msg="Service orders stopped"
time="09-01-2024 16:19:56" level=info msg="Service order is ready to handle requests at st :2010"
time="09-01-2024 16:20:01" level=info msg="HTTP Request Method" method=GET url=/orders/v1/wallets/
time="09-01-2024 16:20:08" level=info msg="HTTP Request Method" method=GET url=/orders/v1/wallets/user_id
time="09-01-2024 16:20:15" level=info msg="HTTP Request Method" method=GET url="/orders/v1/wallets/user_id?user_id=1"
time="09-01-2024 16:20:22" level=info msg="HTTP Request Method" method=GET url="/orders/v1/wallets/user_id?id=1"
time="09-01-2024 16:21:12" level=info msg="Service orders is shutting down..."
time="09-01-2024 16:21:12" level=info msg="Service orders stopped"
time="09-01-2024 16:21:15" level=info msg="Service order is ready to handle requests at st :2010"
time="09-01-2024 16:21:19" level=info msg="HTTP Request Method" method=GET url="/orders/v1/wallets/user_id?id=1"
time="09-01-2024 16:21:48" level=info msg="Service orders is shutting down..."
time="09-01-2024 16:21:48" level=info msg="Service orders stopped"
time="09-01-2024 16:21:52" level=info msg="Service order is ready to handle requests at st :2010"
time="09-01-2024 16:21:57" level=info msg="HTTP Request Method" method=GET url="/orders/v1/wallets/user_id?id=1"
time="09-01-2024 16:22:02" level=info msg="HTTP Request Method" method=GET url="/orders/v1/wallets/user_id?id=1"
time="09-01-2024 16:22:05" level=info msg="HTTP Request Method" method=GET url=/orders/v1/wallets/user_id
time="09-01-2024 16:22:06" level=info msg="HTTP Request Method" method=GET url=/orders/v1/wallets/user_id
time="09-01-2024 16:22:20" level=info msg="HTTP Request Method" method=GET url=/orders/v1/wallets/userid
time="09-01-2024 16:22:23" level=info msg="HTTP Request Method" method=GET url="/orders/v1/wallets/userid?id=1"
time="09-01-2024 16:53:05" level=info msg="Service orders is shutting down..."
time="09-01-2024 16:53:05" level=info msg="Service orders stopped"
time="09-01-2024 16:53:09" level=info msg="Service order is ready to handle requests at st :2010"
time="09-01-2024 16:53:14" level=info msg="HTTP Request Method" method=GET url="/orders/v1/wallets/userid?id=1"
time="09-01-2024 16:54:18" level=info msg="Service orders is shutting down..."
time="09-01-2024 16:54:18" level=info msg="Service orders stopped"
time="09-01-2024 16:54:21" level=info msg="Service order is ready to handle requests at st :2010"
time="09-01-2024 16:54:26" level=info msg="HTTP Request Method" method=GET url="/orders/v1/wallets/userid?id=1"
time="09-01-2024 16:58:31" level=info msg="HTTP Request Method" method=GET url="/orders/v1/wallets/userid?id=1"
time="09-01-2024 16:58:34" level=info msg="HTTP Request Method" method=GET url="/orders/v1/wallets/userid?id=2"
time="09-01-2024 16:58:50" level=info msg="Service orders is shutting down..."
time="09-01-2024 16:58:50" level=info msg="Service orders stopped"
time="09-01-2024 16:58:53" level=info msg="Service order is ready to handle requests at st :2010"
time="09-01-2024 16:59:04" level=info msg="HTTP Request Method" method=GET url="/orders/v1/wallets/userid?id=2"
time="09-01-2024 16:59:53" level=info msg="Service orders is shutting down..."
time="09-01-2024 16:59:53" level=info msg="Service orders stopped"
time="09-01-2024 16:59:56" level=info msg="Service order is ready to handle requests at st :2010"
time="09-01-2024 17:00:01" level=info msg="HTTP Request Method" method=GET url="/orders/v1/wallets/userid?id=2"
time="09-01-2024 17:00:14" level=info msg="HTTP Request Method" method=GET url="/orders/v1/wallets/userid?user_id=2"
time="09-01-2024 17:01:25" level=info msg="HTTP Request Method" method=GET url="/orders/v1/wallets/userid?user_id=2"
time="09-01-2024 17:03:24" level=info msg="Service orders is shutting down..."
time="09-01-2024 17:03:24" level=info msg="Service orders stopped"
time="09-01-2024 17:03:29" level=info msg="Service order is ready to handle requests at st :2010"
time="09-01-2024 17:03:42" level=info msg="HTTP Request Method" method=GET url="/orders/v1/wallets/userid?user_id=2"
time="09-01-2024 17:03:51" level=info msg="HTTP Request Method" method=GET url="/orders/v1/wallets/userid?user_id=1"
time="09-01-2024 17:04:50" level=info msg="Service orders is shutting down..."
time="09-01-2024 17:04:50" level=info msg="Service orders stopped"
time="09-01-2024 17:04:53" level=info msg="Service order is ready to handle requests at st :2010"
time="09-01-2024 17:04:58" level=info msg="HTTP Request Method" method=GET url="/orders/v1/wallets/userid?user_id=1"
time="09-01-2024 17:06:01" level=info msg="Service orders is shutting down..."
time="09-01-2024 17:06:01" level=info msg="Service orders stopped"
time="09-01-2024 17:06:06" level=info msg="Service order is ready to handle requests at st :2010"
time="09-01-2024 17:06:16" level=info msg="HTTP Request Method" method=GET url="/orders/v1/wallets/userid?user_id=1"
time="09-01-2024 17:09:49" level=info msg="Service orders is shutting down..."
time="09-01-2024 17:09:49" level=info msg="Service orders stopped"
time="09-01-2024 17:09:52" level=info msg="Service order is ready to handle requests at st :2010"
time="09-01-2024 17:10:00" level=info msg="HTTP Request Method" method=GET url="/orders/v1/wallets/userid?user_id=1"
time="09-01-2024 17:14:20" level=info msg="Service orders is shutting down..."
time="09-01-2024 17:14:20" level=info msg="Service orders stopped"
time="09-01-2024 17:14:23" level=info msg="Service order is ready to handle requests at st :2010"
time="09-01-2024 17:14:28" level=info msg="HTTP Request Method" method=GET url="/orders/v1/wallets/userid?user_id=1"
time="09-01-2024 17:14:57" level=info msg="Service orders is shutting down..."
time="09-01-2024 17:14:57" level=info msg="Service orders stopped"
time="09-01-2024 17:14:59" level=info msg="Service order is ready to handle requests at st :2010"
time="09-01-2024 17:15:05" level=info msg="HTTP Request Method" method=GET url="/orders/v1/wallets/userid?user_id=1"
time="09-01-2024 17:16:01" level=info msg="Service orders is shutting down..."
time="09-01-2024 17:16:01" level=info msg="Service orders stopped"
time="09-01-2024 17:16:04" level=info msg="Service order is ready to handle requests at st :2010"
time="09-01-2024 17:16:09" level=info msg="HTTP Request Method" method=GET url="/orders/v1/wallets/userid?user_id=1"
time="09-01-2024 17:16:34" level=info msg="Service orders is shutting down..."
time="09-01-2024 17:16:34" level=info msg="Service orders stopped"
time="09-01-2024 17:16:37" level=info msg="Service order is ready to handle requests at st :2010"
time="09-01-2024 17:16:41" level=info msg="HTTP Request Method" method=GET url="/orders/v1/wallets/userid?user_id=1"
time="09-01-2024 17:16:50" level=info msg="Service orders is shutting down..."
time="09-01-2024 17:16:50" level=info msg="Service orders stopped"
time="09-01-2024 17:16:53" level=info msg="Service order is ready to handle requests at st :2010"
time="09-01-2024 17:16:58" level=info msg="HTTP Request Method" method=GET url="/orders/v1/wallets/userid?user_id=1"
time="09-01-2024 17:17:23" level=info msg="Service orders is shutting down..."
time="09-01-2024 17:17:23" level=info msg="Service orders stopped"
time="09-01-2024 17:17:29" level=info msg="Service order is ready to handle requests at st :2010"
time="09-01-2024 17:17:36" level=info msg="HTTP Request Method" method=GET url="/orders/v1/wallets/userid?user_id=1"
time="09-01-2024 17:24:15" level=info msg="Service orders is shutting down..."
time="09-01-2024 17:24:15" level=info msg="Service orders stopped"
time="09-01-2024 17:24:19" level=info msg="Service order is ready to handle requests at st :2010"
time="09-01-2024 17:24:23" level=info msg="HTTP Request Method" method=GET url="/orders/v1/wallets/userid?user_id=1"
time="09-01-2024 17:24:45" level=info msg="Service orders is shutting down..."
time="09-01-2024 17:24:45" level=info msg="Service orders stopped"
time="09-01-2024 17:24:48" level=info msg="Service order is ready to handle requests at st :2010"
time="09-01-2024 17:24:57" level=info msg="HTTP Request Method" method=GET url="/orders/v1/wallets/userid?user_id=1"
time="09-01-2024 17:25:06" level=info msg="Service orders is shutting down..."
time="09-01-2024 17:25:06" level=info msg="Service orders stopped"
time="09-01-2024 17:25:09" level=info msg="Service order is ready to handle requests at st :2010"
time="09-01-2024 17:25:13" level=info msg="HTTP Request Method" method=GET url="/orders/v1/wallets/userid?user_id=1"
time="09-01-2024 17:29:35" level=info msg="Service orders is shutting down..."
time="09-01-2024 17:29:35" level=info msg="Service orders stopped"
time="09-01-2024 17:29:38" level=info msg="Service order is ready to handle requests at st :2010"
time="09-01-2024 17:29:44" level=info msg="HTTP Request Method" method=GET url="/orders/v1/wallets/userid?user_id=1"
time="09-01-2024 17:34:58" level=info msg="Service orders is shutting down..."
time="09-01-2024 17:34:58" level=info msg="Service orders stopped"
time="09-01-2024 17:35:01" level=info msg="Service order is ready to handle requests at st :2010"
time="09-01-2024 17:35:05" level=info msg="HTTP Request Method" method=GET url="/orders/v1/wallets/userid?user_id=1"
time="09-01-2024 17:36:10" level=info msg="Service orders is shutting down..."
time="09-01-2024 17:36:10" level=info msg="Service orders stopped"
time="09-01-2024 17:36:41" level=info msg="Service order is ready to handle requests at st :2010"
time="09-01-2024 17:36:45" level=info msg="HTTP Request Method" method=GET url="/orders/v1/wallets/userid?user_id=1"
time="09-01-2024 17:40:52" level=info msg="Service orders is shutting down..."
time="09-01-2024 17:40:52" level=info msg="Service orders stopped"
time="09-01-2024 17:42:59" level=info msg="Service order is ready to handle requests at st :2010"
time="09-01-2024 17:43:07" level=info msg="HTTP Request Method" method=GET url="/orders/v1/wallets/userid?user_id=1"
time="09-01-2024 17:45:16" level=info msg="Service orders is shutting down..."
time="09-01-2024 17:45:16" level=info msg="Service orders stopped"
time="09-01-2024 17:45:19" level=info msg="Service order is ready to handle requests at st :2010"
time="09-01-2024 17:45:28" level=info msg="HTTP Request Method" method=GET url="/orders/v1/wallets/userid?user_id=1"
time="09-01-2024 17:46:36" level=info msg="Service orders is shutting down..."
time="09-01-2024 17:46:36" level=info msg="Service orders stopped"
time="09-01-2024 17:46:39" level=info msg="Service order is ready to handle requests at st :2010"
time="09-01-2024 17:46:44" level=info msg="HTTP Request Method" method=GET url="/orders/v1/wallets/userid?user_id=1"
time="09-01-2024 17:48:02" level=info msg="Service orders is shutting down..."
time="09-01-2024 17:48:02" level=info msg="Service orders stopped"
time="09-01-2024 17:48:06" level=info msg="Service order is ready to handle requests at st :2010"
time="09-01-2024 17:48:11" level=info msg="HTTP Request Method" method=GET url="/orders/v1/wallets/userid?user_id=1"
time="09-01-2024 17:48:37" level=info msg="Service orders is shutting down..."
time="09-01-2024 17:48:37" level=info msg="Service orders stopped"
time="09-01-2024 17:48:42" level=info msg="Service order is ready to handle requests at st :2010"
time="09-01-2024 17:48:47" level=info msg="HTTP Request Method" method=GET url="/orders/v1/wallets/userid?user_id=1"
time="09-01-2024 17:52:13" level=info msg="HTTP Request Method" method=GET url=/orders/v1/wallets/
time="09-01-2024 17:52:26" level=info msg="HTTP Request Method" method=GET url="/orders/v1/wallets/userid?user_id=1"
time="10-01-2024 14:01:37" level=info msg="HTTP Request Method" method=GET url="/orders/v1/wallets/userid?user_id=1"
time="10-01-2024 14:01:45" level=info msg="HTTP Request Method" method=GET url="/orders/v1/wallets/userid?user_id=2"
time="14-01-2024 15:36:08" level=info msg="Service orders is shutting down..."
time="14-01-2024 15:36:08" level=info msg="Service orders stopped"
